[debug] [2022-08-11T07:22:48.993Z] ----------------------------------------------------------------------
[debug] [2022-08-11T07:22:48.995Z] Command:       C:\Program Files\nodejs\node.exe C:\Users\admin\AppData\Roaming\npm\node_modules\firebase-tools\lib\bin\firebase.js init
[debug] [2022-08-11T07:22:48.995Z] CLI Version:   11.6.0
[debug] [2022-08-11T07:22:48.995Z] Platform:      win32
[debug] [2022-08-11T07:22:48.996Z] Node Version:  v16.16.0
[debug] [2022-08-11T07:22:48.996Z] Time:          Thu Aug 11 2022 14:22:48 GMT+0700 (Indochina Time)
[debug] [2022-08-11T07:22:48.997Z] ----------------------------------------------------------------------
[debug] 
[debug] [2022-08-11T07:22:49.003Z] > command requires scopes: ["email","openid","https://www.googleapis.com/auth/cloudplatformprojects.readonly","https://www.googleapis.com/auth/firebase","https://www.googleapis.com/auth/cloud-platform"]
[debug] [2022-08-11T07:22:49.004Z] > authorizing via signed-in user (hieudm112@gmail.com)
[info] 
     ######## #### ########  ######## ########     ###     ######  ########
     ##        ##  ##     ## ##       ##     ##  ##   ##  ##       ##
     ######    ##  ########  ######   ########  #########  ######  ######
     ##        ##  ##    ##  ##       ##     ## ##     ##       ## ##
     ##       #### ##     ## ######## ########  ##     ##  ######  ########

You're about to initialize a Firebase project in this directory:

  C:\Users\admin\Desktop\Do-Choi-Viet\frontend

[info] 
=== Project Setup
[info] 
[info] First, let's associate this project directory with a Firebase project.
[info] You can create multiple project aliases by running firebase use --add, 
[info] but for now we'll just set up a default project.
[info] 
[debug] [2022-08-11T07:23:51.340Z] >>> [apiv2][query] GET https://firebase.googleapis.com/v1beta1/projects pageSize=100
[debug] [2022-08-11T07:23:51.923Z] <<< [apiv2][status] GET https://firebase.googleapis.com/v1beta1/projects 200
[debug] [2022-08-11T07:23:51.923Z] <<< [apiv2][body] GET https://firebase.googleapis.com/v1beta1/projects [omitted]
[info] i  Using project dochoiviet-b46cd (dochoiviet) 
[info] 
=== Hosting Setup
[info] 
[info] Your public directory is the folder (relative to your project directory) that
[info] will contain Hosting assets to be uploaded with firebase deploy. If you
[info] have a build process for your assets, use your build's output directory.
[info] 
[info] +  Wrote public/404.html 
[debug] [2022-08-11T07:25:16.828Z] >>> [apiv2][query] GET https://www.gstatic.com/firebasejs/releases.json [none]
[debug] [2022-08-11T07:25:16.969Z] <<< [apiv2][status] GET https://www.gstatic.com/firebasejs/releases.json 200
[debug] [2022-08-11T07:25:16.969Z] <<< [apiv2][body] GET https://www.gstatic.com/firebasejs/releases.json {"current":{"version":"9.9.2","browserURL":"https://www.gstatic.com/firebasejs/9.9.2/firebase.js","packageURL":"https://www.gstatic.com/firebasejs/9.9.2/firebase.tgz"},"live":{"version":"9.9","browserURL":"https://www.gstatic.com/firebasejs/live/9.9/firebase.js","packageURL":"https://www.gstatic.com/firebasejs/live/9.9/firebase.tgz"},"components":{"analytics":"https://www.gstatic.com/firebasejs/9.9.2/firebase-analytics.js","app":"https://www.gstatic.com/firebasejs/9.9.2/firebase-app.js","app-check":"https://www.gstatic.com/firebasejs/9.9.2/firebase-app-check.js","auth":"https://www.gstatic.com/firebasejs/9.9.2/firebase-auth.js","auth/cordova":"https://www.gstatic.com/firebasejs/9.9.2/firebase-auth/cordova.js","auth/react-native":"https://www.gstatic.com/firebasejs/9.9.2/firebase-auth/react-native.js","functions":"https://www.gstatic.com/firebasejs/9.9.2/firebase-functions.js","firestore":"https://www.gstatic.com/firebasejs/9.9.2/firebase-firestore.js","firestore/lite":"https://www.gstatic.com/firebasejs/9.9.2/firebase-firestore/lite.js","installations":"https://www.gstatic.com/firebasejs/9.9.2/firebase-installations.js","storage":"https://www.gstatic.com/firebasejs/9.9.2/firebase-storage.js","performance":"https://www.gstatic.com/firebasejs/9.9.2/firebase-performance.js","remote-config":"https://www.gstatic.com/firebasejs/9.9.2/firebase-remote-config.js","messaging":"https://www.gstatic.com/firebasejs/9.9.2/firebase-messaging.js","messaging/sw":"https://www.gstatic.com/firebasejs/9.9.2/firebase-messaging/sw.js","database":"https://www.gstatic.com/firebasejs/9.9.2/firebase-database.js","firestore.memory":"https://www.gstatic.com/firebasejs/9.9.2/firebase-firestore.memory.js"}}
[info] i  Skipping write of public/index.html 
[info] 
[info] i  Detected a .git folder at C:\Users\admin\Desktop\Do-Choi-Viet 
[info] i  Authorizing with GitHub to upload your service account to a GitHub repository's secrets store. 
[info] 
[info] Visit this URL on this device to log in:
[info] https://github.com/login/oauth/authorize?client_id=89cf50f02ac6aaed3484&state=903450935&redirect_uri=http%3A%2F%2Flocalhost%3A9005&scope=read%3Auser%20repo%20public_repo
[info] 
[info] Waiting for authentication...
[debug] [2022-08-11T07:26:34.865Z] >>> [apiv2][query] POST https://github.com/login/oauth/access_token [none]
[debug] [2022-08-11T07:26:34.865Z] >>> [apiv2][body] POST https://github.com/login/oauth/access_token [stream]
[debug] [2022-08-11T07:26:35.465Z] <<< [apiv2][status] POST https://github.com/login/oauth/access_token 200
[debug] [2022-08-11T07:26:35.465Z] <<< [apiv2][body] POST https://github.com/login/oauth/access_token {"access_token":"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","token_type":"bearer","scope":"read:user,repo"}
[debug] [2022-08-11T07:26:35.482Z] >>> [apiv2][query] GET https://api.github.com/user [none]
[debug] [2022-08-11T07:26:36.005Z] <<< [apiv2][status] GET https://api.github.com/user 200
[debug] [2022-08-11T07:26:36.005Z] <<< [apiv2][body] GET https://api.github.com/user {"login":"DoMinhHieu1997","id":36026729,"node_id":"MDQ6VXNlcjM2MDI2NzI5","avatar_url":"https://avatars.githubusercontent.com/u/36026729?v=4","gravatar_id":"","url":"https://api.github.com/users/DoMinhHieu1997","html_url":"https://github.com/DoMinhHieu1997","followers_url":"https://api.github.com/users/DoMinhHieu1997/followers","following_url":"https://api.github.com/users/DoMinhHieu1997/following{/other_user}","gists_url":"https://api.github.com/users/DoMinhHieu1997/gists{/gist_id}","starred_url":"https://api.github.com/users/DoMinhHieu1997/starred{/owner}{/repo}","subscriptions_url":"https://api.github.com/users/DoMinhHieu1997/subscriptions","organizations_url":"https://api.github.com/users/DoMinhHieu1997/orgs","repos_url":"https://api.github.com/users/DoMinhHieu1997/repos","events_url":"https://api.github.com/users/DoMinhHieu1997/events{/privacy}","received_events_url":"https://api.github.com/users/DoMinhHieu1997/received_events","type":"User","site_admin":false,"name":null,"company":null,"blog":"","location":null,"email":null,"hireable":null,"bio":null,"twitter_username":null,"public_repos":9,"public_gists":0,"followers":0,"following":0,"created_at":"2018-02-01T06:17:15Z","updated_at":"2022-08-10T02:23:24Z","private_gists":0,"total_private_repos":0,"owned_private_repos":0,"disk_usage":9281,"collaborators":0,"two_factor_authentication":false,"plan":{"name":"free","space":976562499,"collaborators":0,"private_repos":10000}}
[info] 
[info] +  Success! Logged into GitHub as DoMinhHieu1997 
[info] 
