[debug] [2023-02-06T02:18:06.005Z] ----------------------------------------------------------------------
[debug] [2023-02-06T02:18:06.007Z] Command:       C:\Program Files\nodejs\node.exe C:\Users\PCVMC\AppData\Roaming\npm\node_modules\firebase-tools\lib\bin\firebase.js init
[debug] [2023-02-06T02:18:06.007Z] CLI Version:   11.22.0
[debug] [2023-02-06T02:18:06.007Z] Platform:      win32
[debug] [2023-02-06T02:18:06.007Z] Node Version:  v16.18.0
[debug] [2023-02-06T02:18:06.008Z] Time:          Mon Feb 06 2023 09:18:06 GMT+0700 (Indochina Time)
[debug] [2023-02-06T02:18:06.008Z] ----------------------------------------------------------------------
[debug] 
[debug] [2023-02-06T02:18:06.075Z] > command requires scopes: ["email","openid","https://www.googleapis.com/auth/cloudplatformprojects.readonly","https://www.googleapis.com/auth/firebase","https://www.googleapis.com/auth/cloud-platform"]
[debug] [2023-02-06T02:18:06.076Z] > authorizing via signed-in user (hieudm112@gmail.com)
[info] 
     ######## #### ########  ######## ########     ###     ######  ########
     ##        ##  ##     ## ##       ##     ##  ##   ##  ##       ##
     ######    ##  ########  ######   ########  #########  ######  ######
     ##        ##  ##    ##  ##       ##     ## ##     ##       ## ##
     ##       #### ##     ## ######## ########  ##     ##  ######  ########

You're about to initialize a Firebase project in this directory:

  D:\ReactJs_Practice\Do-Choi-Viet

Before we get started, keep in mind:

  * You are initializing within an existing Firebase project directory

[info] 
=== Project Setup
[info] 
[info] First, let's associate this project directory with a Firebase project.
[info] You can create multiple project aliases by running firebase use --add, 
[info] but for now we'll just set up a default project.
[info] 
[debug] [2023-02-06T02:18:12.301Z] Using project from CLI flag: dochoiviet-c04da
[debug] [2023-02-06T02:18:12.304Z] >>> [apiv2][query] GET https://firebase.googleapis.com/v1beta1/projects/dochoiviet-c04da [none]
[debug] [2023-02-06T02:18:12.694Z] <<< [apiv2][status] GET https://firebase.googleapis.com/v1beta1/projects/dochoiviet-c04da 200
[debug] [2023-02-06T02:18:12.695Z] <<< [apiv2][body] GET https://firebase.googleapis.com/v1beta1/projects/dochoiviet-c04da {"projectId":"dochoiviet-c04da","projectNumber":"575252093699","displayName":"dochoiviet","name":"projects/dochoiviet-c04da","resources":{"hostingSite":"dochoiviet-c04da"},"state":"ACTIVE","etag":"1_31550639-5e98-4257-9a9a-3646f306be57"}
[info] i  Using project dochoiviet-c04da (dochoiviet) 
[info] 
=== Hosting:github Setup
[info] 
[info] i  Detected a .git folder at D:\ReactJs_Practice\Do-Choi-Viet 
[info] i  Authorizing with GitHub to upload your service account to a GitHub repository's secrets store. 
[info] 
[info] Visit this URL on this device to log in:
[info] https://github.com/login/oauth/authorize?client_id=89cf50f02ac6aaed3484&state=489325455&redirect_uri=http%3A%2F%2Flocalhost%3A9005&scope=read%3Auser%20repo%20public_repo
[info] 
[info] Waiting for authentication...
[debug] [2023-02-06T02:18:13.520Z] >>> [apiv2][query] POST https://github.com/login/oauth/access_token [none]
[debug] [2023-02-06T02:18:13.520Z] >>> [apiv2][body] POST https://github.com/login/oauth/access_token [stream]
[debug] [2023-02-06T02:18:14.037Z] <<< [apiv2][status] POST https://github.com/login/oauth/access_token 200
[debug] [2023-02-06T02:18:14.037Z] <<< [apiv2][body] POST https://github.com/login/oauth/access_token {"access_token":"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","token_type":"bearer","scope":"read:user,repo"}
[debug] [2023-02-06T02:18:14.042Z] >>> [apiv2][query] GET https://api.github.com/user [none]
[debug] [2023-02-06T02:18:14.630Z] <<< [apiv2][status] GET https://api.github.com/user 200
[debug] [2023-02-06T02:18:14.631Z] <<< [apiv2][body] GET https://api.github.com/user {"login":"DoMinhHieu1997","id":36026729,"node_id":"MDQ6VXNlcjM2MDI2NzI5","avatar_url":"https://avatars.githubusercontent.com/u/36026729?v=4","gravatar_id":"","url":"https://api.github.com/users/DoMinhHieu1997","html_url":"https://github.com/DoMinhHieu1997","followers_url":"https://api.github.com/users/DoMinhHieu1997/followers","following_url":"https://api.github.com/users/DoMinhHieu1997/following{/other_user}","gists_url":"https://api.github.com/users/DoMinhHieu1997/gists{/gist_id}","starred_url":"https://api.github.com/users/DoMinhHieu1997/starred{/owner}{/repo}","subscriptions_url":"https://api.github.com/users/DoMinhHieu1997/subscriptions","organizations_url":"https://api.github.com/users/DoMinhHieu1997/orgs","repos_url":"https://api.github.com/users/DoMinhHieu1997/repos","events_url":"https://api.github.com/users/DoMinhHieu1997/events{/privacy}","received_events_url":"https://api.github.com/users/DoMinhHieu1997/received_events","type":"User","site_admin":false,"name":null,"company":null,"blog":"","location":null,"email":null,"hireable":null,"bio":null,"twitter_username":null,"public_repos":12,"public_gists":0,"followers":0,"following":0,"created_at":"2018-02-01T06:17:15Z","updated_at":"2023-02-06T02:09:48Z","private_gists":0,"total_private_repos":1,"owned_private_repos":1,"disk_usage":13744,"collaborators":0,"two_factor_authentication":false,"plan":{"name":"free","space":976562499,"collaborators":0,"private_repos":10000}}
[info] 
[info] +  Success! Logged into GitHub as DoMinhHieu1997 
[info] 
